<?xml version="1.0" encoding="UTF-8"?>
<testng-results ignored="0" total="11" passed="9" failed="2" skipped="0">
  <reporter-output>
  </reporter-output>
  <suite started-at="2023-09-05T17:56:02 IST" name="Suite" finished-at="2023-09-05T17:57:58 IST" duration-ms="116348">
    <groups>
    </groups>
    <test started-at="2023-09-05T17:56:02 IST" name="Test" finished-at="2023-09-05T17:57:58 IST" duration-ms="116348">
      <class name="TestDrive.SearchPageTest1">
        <test-method is-config="true" signature="Startup()[pri:0, instance:TestDrive.SearchPageTest1@4c1f22f3]" started-at="2023-09-05T17:57:38 IST" name="Startup" finished-at="2023-09-05T17:57:44 IST" duration-ms="5041" status="PASS">
          <reporter-output>
          </reporter-output>
        </test-method> <!-- Startup -->
        <test-method signature="Search()[pri:0, instance:TestDrive.SearchPageTest1@4c1f22f3]" started-at="2023-09-05T17:57:44 IST" name="Search" finished-at="2023-09-05T17:57:45 IST" duration-ms="1173" status="PASS">
          <reporter-output>
          </reporter-output>
        </test-method> <!-- Search -->
        <test-method is-config="true" signature="Closeup()[pri:0, instance:TestDrive.SearchPageTest1@4c1f22f3]" started-at="2023-09-05T17:57:45 IST" name="Closeup" finished-at="2023-09-05T17:57:48 IST" duration-ms="3355" status="PASS">
          <reporter-output>
          </reporter-output>
        </test-method> <!-- Closeup -->
      </class> <!-- TestDrive.SearchPageTest1 -->
      <class name="TestDrive.SigninTest2">
        <test-method is-config="true" signature="Startup()[pri:0, instance:TestDrive.SigninTest2@6581dc0a]" started-at="2023-09-05T17:56:15 IST" name="Startup" finished-at="2023-09-05T17:56:20 IST" duration-ms="5441" status="PASS">
          <reporter-output>
          </reporter-output>
        </test-method> <!-- Startup -->
        <test-method signature="Login()[pri:0, instance:TestDrive.SigninTest2@6581dc0a]" started-at="2023-09-05T17:56:20 IST" name="Login" finished-at="2023-09-05T17:56:22 IST" duration-ms="1693" status="PASS">
          <reporter-output>
          </reporter-output>
        </test-method> <!-- Login -->
        <test-method is-config="true" signature="Closeup()[pri:0, instance:TestDrive.SigninTest2@6581dc0a]" started-at="2023-09-05T17:56:22 IST" name="Closeup" finished-at="2023-09-05T17:56:25 IST" duration-ms="3365" status="PASS">
          <reporter-output>
          </reporter-output>
        </test-method> <!-- Closeup -->
      </class> <!-- TestDrive.SigninTest2 -->
      <class name="TestDrive.MusicVideoPageTest1">
        <test-method is-config="true" signature="Startup()[pri:0, instance:TestDrive.MusicVideoPageTest1@64bce832]" started-at="2023-09-05T17:57:21 IST" name="Startup" finished-at="2023-09-05T17:57:26 IST" duration-ms="5690" status="PASS">
          <reporter-output>
          </reporter-output>
        </test-method> <!-- Startup -->
        <test-method signature="MusicVideoTest()[pri:0, instance:TestDrive.MusicVideoPageTest1@64bce832]" started-at="2023-09-05T17:57:26 IST" name="MusicVideoTest" finished-at="2023-09-05T17:57:27 IST" duration-ms="458" status="PASS">
          <reporter-output>
          </reporter-output>
        </test-method> <!-- MusicVideoTest -->
        <test-method is-config="true" signature="Closeup()[pri:0, instance:TestDrive.MusicVideoPageTest1@64bce832]" started-at="2023-09-05T17:57:27 IST" name="Closeup" finished-at="2023-09-05T17:57:30 IST" duration-ms="3266" status="PASS">
          <reporter-output>
          </reporter-output>
        </test-method> <!-- Closeup -->
      </class> <!-- TestDrive.MusicVideoPageTest1 -->
      <class name="TestDrive.HomePagetest1">
        <test-method is-config="true" signature="Startup()[pri:0, instance:TestDrive.HomePagetest1@6ce86ce1]" started-at="2023-09-05T17:56:38 IST" name="Startup" finished-at="2023-09-05T17:56:43 IST" duration-ms="5052" status="PASS">
          <reporter-output>
          </reporter-output>
        </test-method> <!-- Startup -->
        <test-method signature="HomePage()[pri:0, instance:TestDrive.HomePagetest1@6ce86ce1]" started-at="2023-09-05T17:56:43 IST" name="HomePage" finished-at="2023-09-05T17:56:48 IST" duration-ms="5590" status="PASS">
          <reporter-output>
          </reporter-output>
        </test-method> <!-- HomePage -->
        <test-method is-config="true" signature="Closeup()[pri:0, instance:TestDrive.HomePagetest1@6ce86ce1]" started-at="2023-09-05T17:56:48 IST" name="Closeup" finished-at="2023-09-05T17:56:52 IST" duration-ms="3436" status="PASS">
          <reporter-output>
          </reporter-output>
        </test-method> <!-- Closeup -->
      </class> <!-- TestDrive.HomePagetest1 -->
      <class name="TestDrive.ComedyPageTest1">
        <test-method is-config="true" signature="Startup()[pri:0, instance:TestDrive.ComedyPageTest1@764faa6]" started-at="2023-09-05T17:57:30 IST" name="Startup" finished-at="2023-09-05T17:57:35 IST" duration-ms="4686" status="PASS">
          <reporter-output>
          </reporter-output>
        </test-method> <!-- Startup -->
        <test-method signature="ComedyTest()[pri:0, instance:TestDrive.ComedyPageTest1@764faa6]" started-at="2023-09-05T17:57:35 IST" name="ComedyTest" finished-at="2023-09-05T17:57:35 IST" duration-ms="256" status="PASS">
          <reporter-output>
          </reporter-output>
        </test-method> <!-- ComedyTest -->
        <test-method is-config="true" signature="Closeup()[pri:0, instance:TestDrive.ComedyPageTest1@764faa6]" started-at="2023-09-05T17:57:35 IST" name="Closeup" finished-at="2023-09-05T17:57:38 IST" duration-ms="3327" status="PASS">
          <reporter-output>
          </reporter-output>
        </test-method> <!-- Closeup -->
      </class> <!-- TestDrive.ComedyPageTest1 -->
      <class name="TestDrive.MoviePageTest1">
        <test-method is-config="true" signature="Startup()[pri:0, instance:TestDrive.MoviePageTest1@54e7df6a]" started-at="2023-09-05T17:56:52 IST" name="Startup" finished-at="2023-09-05T17:56:57 IST" duration-ms="5266" status="PASS">
          <reporter-output>
          </reporter-output>
        </test-method> <!-- Startup -->
        <test-method signature="MoviePage()[pri:0, instance:TestDrive.MoviePageTest1@54e7df6a]" started-at="2023-09-05T17:56:57 IST" name="MoviePage" finished-at="2023-09-05T17:56:57 IST" duration-ms="417" status="PASS">
          <reporter-output>
          </reporter-output>
        </test-method> <!-- MoviePage -->
        <test-method is-config="true" signature="Closeup()[pri:0, instance:TestDrive.MoviePageTest1@54e7df6a]" started-at="2023-09-05T17:56:57 IST" name="Closeup" finished-at="2023-09-05T17:57:01 IST" duration-ms="3491" status="PASS">
          <reporter-output>
          </reporter-output>
        </test-method> <!-- Closeup -->
      </class> <!-- TestDrive.MoviePageTest1 -->
      <class name="TestDrive.LanguageTest1">
        <test-method is-config="true" signature="Startup()[pri:0, instance:TestDrive.LanguageTest1@598bd2ba]" started-at="2023-09-05T17:57:48 IST" name="Startup" finished-at="2023-09-05T17:57:53 IST" duration-ms="5043" status="PASS">
          <reporter-output>
          </reporter-output>
        </test-method> <!-- Startup -->
        <test-method signature="Language()[pri:0, instance:TestDrive.LanguageTest1@598bd2ba]" started-at="2023-09-05T17:57:53 IST" name="Language" finished-at="2023-09-05T17:57:55 IST" duration-ms="1435" status="PASS">
          <reporter-output>
          </reporter-output>
        </test-method> <!-- Language -->
        <test-method is-config="true" signature="Closeup()[pri:0, instance:TestDrive.LanguageTest1@598bd2ba]" started-at="2023-09-05T17:57:55 IST" name="Closeup" finished-at="2023-09-05T17:57:58 IST" duration-ms="3333" status="PASS">
          <reporter-output>
          </reporter-output>
        </test-method> <!-- Closeup -->
      </class> <!-- TestDrive.LanguageTest1 -->
      <class name="TestDrive.SigninTest1">
        <test-method is-config="true" signature="Startup()[pri:0, instance:TestDrive.SigninTest1@7a55af6b]" started-at="2023-09-05T17:56:02 IST" name="Startup" finished-at="2023-09-05T17:56:09 IST" duration-ms="7930" status="PASS">
          <reporter-output>
          </reporter-output>
        </test-method> <!-- Startup -->
        <test-method signature="Login()[pri:0, instance:TestDrive.SigninTest1@7a55af6b]" started-at="2023-09-05T17:56:09 IST" name="Login" finished-at="2023-09-05T17:56:12 IST" duration-ms="2052" status="PASS">
          <reporter-output>
          </reporter-output>
        </test-method> <!-- Login -->
        <test-method is-config="true" signature="Closeup()[pri:0, instance:TestDrive.SigninTest1@7a55af6b]" started-at="2023-09-05T17:56:12 IST" name="Closeup" finished-at="2023-09-05T17:56:15 IST" duration-ms="3436" status="PASS">
          <reporter-output>
          </reporter-output>
        </test-method> <!-- Closeup -->
      </class> <!-- TestDrive.SigninTest1 -->
      <class name="TestDrive.LiveTVPageTest1">
        <test-method is-config="true" signature="Startup()[pri:0, instance:TestDrive.LiveTVPageTest1@77128536]" started-at="2023-09-05T17:57:11 IST" name="Startup" finished-at="2023-09-05T17:57:16 IST" duration-ms="5042" status="PASS">
          <reporter-output>
          </reporter-output>
        </test-method> <!-- Startup -->
        <test-method signature="LiveTVTest()[pri:0, instance:TestDrive.LiveTVPageTest1@77128536]" started-at="2023-09-05T17:57:16 IST" name="LiveTVTest" finished-at="2023-09-05T17:57:17 IST" duration-ms="364" status="FAIL">
          <exception class="org.openqa.selenium.StaleElementReferenceException">
            <message>
              <![CDATA[stale element reference: stale element not found
  (Session info: chrome=116.0.5845.141)
For documentation on this error, please visit: https://www.selenium.dev/documentation/webdriver/troubleshooting/errors#stale-element-reference-exception
Build info: version: '4.11.0', revision: '040bc5406b'
System info: os.name: 'Windows 11', os.arch: 'amd64', os.version: '10.0', java.version: '17.0.5'
Driver info: org.openqa.selenium.chrome.ChromeDriver
Command: [be361c88d816d7bb84f200661b29f84e, executeScript {script=arguments[0].scrollIntoView(true), args=[{element-6066-11e4-a52e-4f735466cecf=085C7BD6DEF51BAC6F1FF5CF16226A32_element_21}]}]
Capabilities {acceptInsecureCerts: false, browserName: chrome, browserVersion: 116.0.5845.141, chrome: {chromedriverVersion: 116.0.5845.96 (1a3918166880..., userDataDir: C:\Users\WELCOME\AppData\Lo...}, fedcm:accounts: true, goog:chromeOptions: {debuggerAddress: localhost:59149}, networkConnectionEnabled: false, pageLoadStrategy: normal, platformName: windows, proxy: Proxy(), se:cdp: ws://localhost:59149/devtoo..., se:cdpVersion: 116.0.5845.141, setWindowRect: true, strictFileInteractability: false, timeouts: {implicit: 0, pageLoad: 300000, script: 30000}, unhandledPromptBehavior: dismiss and notify, webauthn:extension:credBlob: true, webauthn:extension:largeBlob: true, webauthn:extension:minPinLength: true, webauthn:extension:prf: true, webauthn:virtualAuthenticators: true}
Session ID: be361c88d816d7bb84f200661b29f84e]]>
            </message>
            <full-stacktrace>
              <![CDATA[org.openqa.selenium.StaleElementReferenceException: stale element reference: stale element not found
  (Session info: chrome=116.0.5845.141)
For documentation on this error, please visit: https://www.selenium.dev/documentation/webdriver/troubleshooting/errors#stale-element-reference-exception
Build info: version: '4.11.0', revision: '040bc5406b'
System info: os.name: 'Windows 11', os.arch: 'amd64', os.version: '10.0', java.version: '17.0.5'
Driver info: org.openqa.selenium.chrome.ChromeDriver
Command: [be361c88d816d7bb84f200661b29f84e, executeScript {script=arguments[0].scrollIntoView(true), args=[{element-6066-11e4-a52e-4f735466cecf=085C7BD6DEF51BAC6F1FF5CF16226A32_element_21}]}]
Capabilities {acceptInsecureCerts: false, browserName: chrome, browserVersion: 116.0.5845.141, chrome: {chromedriverVersion: 116.0.5845.96 (1a3918166880..., userDataDir: C:\Users\WELCOME\AppData\Lo...}, fedcm:accounts: true, goog:chromeOptions: {debuggerAddress: localhost:59149}, networkConnectionEnabled: false, pageLoadStrategy: normal, platformName: windows, proxy: Proxy(), se:cdp: ws://localhost:59149/devtoo..., se:cdpVersion: 116.0.5845.141, setWindowRect: true, strictFileInteractability: false, timeouts: {implicit: 0, pageLoad: 300000, script: 30000}, unhandledPromptBehavior: dismiss and notify, webauthn:extension:credBlob: true, webauthn:extension:largeBlob: true, webauthn:extension:minPinLength: true, webauthn:extension:prf: true, webauthn:virtualAuthenticators: true}
Session ID: be361c88d816d7bb84f200661b29f84e
at java.base/jdk.internal.reflect.NativeConstructorAccessorImpl.newInstance0(Native Method)
at java.base/jdk.internal.reflect.NativeConstructorAccessorImpl.newInstance(NativeConstructorAccessorImpl.java:77)
at java.base/jdk.internal.reflect.DelegatingConstructorAccessorImpl.newInstance(DelegatingConstructorAccessorImpl.java:45)
at java.base/java.lang.reflect.Constructor.newInstanceWithCaller(Constructor.java:499)
at java.base/java.lang.reflect.Constructor.newInstance(Constructor.java:480)
at org.openqa.selenium.remote.codec.w3c.W3CHttpResponseCodec.createException(W3CHttpResponseCodec.java:200)
at org.openqa.selenium.remote.codec.w3c.W3CHttpResponseCodec.decode(W3CHttpResponseCodec.java:133)
at org.openqa.selenium.remote.codec.w3c.W3CHttpResponseCodec.decode(W3CHttpResponseCodec.java:52)
at org.openqa.selenium.remote.HttpCommandExecutor.execute(HttpCommandExecutor.java:191)
at org.openqa.selenium.remote.service.DriverCommandExecutor.invokeExecute(DriverCommandExecutor.java:196)
at org.openqa.selenium.remote.service.DriverCommandExecutor.execute(DriverCommandExecutor.java:171)
at org.openqa.selenium.remote.RemoteWebDriver.execute(RemoteWebDriver.java:518)
at org.openqa.selenium.remote.RemoteWebDriver.executeScript(RemoteWebDriver.java:463)
at PageDrive.LiveTVPage1.Scroll(LiveTVPage1.java:35)
at TestDrive.LiveTVPageTest1.LiveTVTest(LiveTVPageTest1.java:15)
at java.base/jdk.internal.reflect.NativeMethodAccessorImpl.invoke0(Native Method)
at java.base/jdk.internal.reflect.NativeMethodAccessorImpl.invoke(NativeMethodAccessorImpl.java:77)
at java.base/jdk.internal.reflect.DelegatingMethodAccessorImpl.invoke(DelegatingMethodAccessorImpl.java:43)
at java.base/java.lang.reflect.Method.invoke(Method.java:568)
at org.testng.internal.MethodInvocationHelper.invokeMethod(MethodInvocationHelper.java:133)
at org.testng.internal.TestInvoker.invokeMethod(TestInvoker.java:598)
at org.testng.internal.TestInvoker.invokeTestMethod(TestInvoker.java:173)
at org.testng.internal.MethodRunner.runInSequence(MethodRunner.java:46)
at org.testng.internal.TestInvoker$MethodInvocationAgent.invoke(TestInvoker.java:824)
at org.testng.internal.TestInvoker.invokeTestMethods(TestInvoker.java:146)
at org.testng.internal.TestMethodWorker.invokeTestMethods(TestMethodWorker.java:146)
at org.testng.internal.TestMethodWorker.run(TestMethodWorker.java:128)
at java.base/java.util.ArrayList.forEach(ArrayList.java:1511)
at org.testng.TestRunner.privateRun(TestRunner.java:794)
at org.testng.TestRunner.run(TestRunner.java:596)
at org.testng.SuiteRunner.runTest(SuiteRunner.java:377)
at org.testng.SuiteRunner.runSequentially(SuiteRunner.java:371)
at org.testng.SuiteRunner.privateRun(SuiteRunner.java:332)
at org.testng.SuiteRunner.run(SuiteRunner.java:276)
at org.testng.SuiteRunnerWorker.runSuite(SuiteRunnerWorker.java:53)
at org.testng.SuiteRunnerWorker.run(SuiteRunnerWorker.java:96)
at org.testng.TestNG.runSuitesSequentially(TestNG.java:1212)
at org.testng.TestNG.runSuitesLocally(TestNG.java:1134)
at org.testng.TestNG.runSuites(TestNG.java:1063)
at org.testng.TestNG.run(TestNG.java:1031)
at org.testng.remote.AbstractRemoteTestNG.run(AbstractRemoteTestNG.java:115)
at org.testng.remote.RemoteTestNG.initAndRun(RemoteTestNG.java:251)
at org.testng.remote.RemoteTestNG.main(RemoteTestNG.java:77)
]]>
            </full-stacktrace>
          </exception> <!-- org.openqa.selenium.StaleElementReferenceException -->
          <reporter-output>
          </reporter-output>
        </test-method> <!-- LiveTVTest -->
        <test-method is-config="true" signature="Closeup()[pri:0, instance:TestDrive.LiveTVPageTest1@77128536]" started-at="2023-09-05T17:57:17 IST" name="Closeup" finished-at="2023-09-05T17:57:21 IST" duration-ms="3610" status="PASS">
          <reporter-output>
          </reporter-output>
        </test-method> <!-- Closeup -->
      </class> <!-- TestDrive.LiveTVPageTest1 -->
      <class name="TestDrive.TVShowPageTest1">
        <test-method is-config="true" signature="Startup()[pri:0, instance:TestDrive.TVShowPageTest1@3fed2870]" started-at="2023-09-05T17:57:01 IST" name="Startup" finished-at="2023-09-05T17:57:06 IST" duration-ms="5518" status="PASS">
          <reporter-output>
          </reporter-output>
        </test-method> <!-- Startup -->
        <test-method signature="TVShowTest()[pri:0, instance:TestDrive.TVShowPageTest1@3fed2870]" started-at="2023-09-05T17:57:06 IST" name="TVShowTest" finished-at="2023-09-05T17:57:07 IST" duration-ms="929" status="FAIL">
          <exception class="org.openqa.selenium.StaleElementReferenceException">
            <message>
              <![CDATA[stale element reference: stale element not found
  (Session info: chrome=116.0.5845.141)
For documentation on this error, please visit: https://www.selenium.dev/documentation/webdriver/troubleshooting/errors#stale-element-reference-exception
Build info: version: '4.11.0', revision: '040bc5406b'
System info: os.name: 'Windows 11', os.arch: 'amd64', os.version: '10.0', java.version: '17.0.5'
Driver info: org.openqa.selenium.chrome.ChromeDriver
Command: [306f2d1d08cd159ea755c71e312efb92, executeScript {script=arguments[0].scrollIntoView(true), args=[{element-6066-11e4-a52e-4f735466cecf=5038EDD661D39779F914FD58FC3009F6_element_42}]}]
Capabilities {acceptInsecureCerts: false, browserName: chrome, browserVersion: 116.0.5845.141, chrome: {chromedriverVersion: 116.0.5845.96 (1a3918166880..., userDataDir: C:\Users\WELCOME\AppData\Lo...}, fedcm:accounts: true, goog:chromeOptions: {debuggerAddress: localhost:59069}, networkConnectionEnabled: false, pageLoadStrategy: normal, platformName: windows, proxy: Proxy(), se:cdp: ws://localhost:59069/devtoo..., se:cdpVersion: 116.0.5845.141, setWindowRect: true, strictFileInteractability: false, timeouts: {implicit: 0, pageLoad: 300000, script: 30000}, unhandledPromptBehavior: dismiss and notify, webauthn:extension:credBlob: true, webauthn:extension:largeBlob: true, webauthn:extension:minPinLength: true, webauthn:extension:prf: true, webauthn:virtualAuthenticators: true}
Session ID: 306f2d1d08cd159ea755c71e312efb92]]>
            </message>
            <full-stacktrace>
              <![CDATA[org.openqa.selenium.StaleElementReferenceException: stale element reference: stale element not found
  (Session info: chrome=116.0.5845.141)
For documentation on this error, please visit: https://www.selenium.dev/documentation/webdriver/troubleshooting/errors#stale-element-reference-exception
Build info: version: '4.11.0', revision: '040bc5406b'
System info: os.name: 'Windows 11', os.arch: 'amd64', os.version: '10.0', java.version: '17.0.5'
Driver info: org.openqa.selenium.chrome.ChromeDriver
Command: [306f2d1d08cd159ea755c71e312efb92, executeScript {script=arguments[0].scrollIntoView(true), args=[{element-6066-11e4-a52e-4f735466cecf=5038EDD661D39779F914FD58FC3009F6_element_42}]}]
Capabilities {acceptInsecureCerts: false, browserName: chrome, browserVersion: 116.0.5845.141, chrome: {chromedriverVersion: 116.0.5845.96 (1a3918166880..., userDataDir: C:\Users\WELCOME\AppData\Lo...}, fedcm:accounts: true, goog:chromeOptions: {debuggerAddress: localhost:59069}, networkConnectionEnabled: false, pageLoadStrategy: normal, platformName: windows, proxy: Proxy(), se:cdp: ws://localhost:59069/devtoo..., se:cdpVersion: 116.0.5845.141, setWindowRect: true, strictFileInteractability: false, timeouts: {implicit: 0, pageLoad: 300000, script: 30000}, unhandledPromptBehavior: dismiss and notify, webauthn:extension:credBlob: true, webauthn:extension:largeBlob: true, webauthn:extension:minPinLength: true, webauthn:extension:prf: true, webauthn:virtualAuthenticators: true}
Session ID: 306f2d1d08cd159ea755c71e312efb92
at java.base/jdk.internal.reflect.NativeConstructorAccessorImpl.newInstance0(Native Method)
at java.base/jdk.internal.reflect.NativeConstructorAccessorImpl.newInstance(NativeConstructorAccessorImpl.java:77)
at java.base/jdk.internal.reflect.DelegatingConstructorAccessorImpl.newInstance(DelegatingConstructorAccessorImpl.java:45)
at java.base/java.lang.reflect.Constructor.newInstanceWithCaller(Constructor.java:499)
at java.base/java.lang.reflect.Constructor.newInstance(Constructor.java:480)
at org.openqa.selenium.remote.codec.w3c.W3CHttpResponseCodec.createException(W3CHttpResponseCodec.java:200)
at org.openqa.selenium.remote.codec.w3c.W3CHttpResponseCodec.decode(W3CHttpResponseCodec.java:133)
at org.openqa.selenium.remote.codec.w3c.W3CHttpResponseCodec.decode(W3CHttpResponseCodec.java:52)
at org.openqa.selenium.remote.HttpCommandExecutor.execute(HttpCommandExecutor.java:191)
at org.openqa.selenium.remote.service.DriverCommandExecutor.invokeExecute(DriverCommandExecutor.java:196)
at org.openqa.selenium.remote.service.DriverCommandExecutor.execute(DriverCommandExecutor.java:171)
at org.openqa.selenium.remote.RemoteWebDriver.execute(RemoteWebDriver.java:518)
at org.openqa.selenium.remote.RemoteWebDriver.executeScript(RemoteWebDriver.java:463)
at PageDrive.TVShowPage1.Scroll(TVShowPage1.java:35)
at TestDrive.TVShowPageTest1.TVShowTest(TVShowPageTest1.java:15)
at java.base/jdk.internal.reflect.NativeMethodAccessorImpl.invoke0(Native Method)
at java.base/jdk.internal.reflect.NativeMethodAccessorImpl.invoke(NativeMethodAccessorImpl.java:77)
at java.base/jdk.internal.reflect.DelegatingMethodAccessorImpl.invoke(DelegatingMethodAccessorImpl.java:43)
at java.base/java.lang.reflect.Method.invoke(Method.java:568)
at org.testng.internal.MethodInvocationHelper.invokeMethod(MethodInvocationHelper.java:133)
at org.testng.internal.TestInvoker.invokeMethod(TestInvoker.java:598)
at org.testng.internal.TestInvoker.invokeTestMethod(TestInvoker.java:173)
at org.testng.internal.MethodRunner.runInSequence(MethodRunner.java:46)
at org.testng.internal.TestInvoker$MethodInvocationAgent.invoke(TestInvoker.java:824)
at org.testng.internal.TestInvoker.invokeTestMethods(TestInvoker.java:146)
at org.testng.internal.TestMethodWorker.invokeTestMethods(TestMethodWorker.java:146)
at org.testng.internal.TestMethodWorker.run(TestMethodWorker.java:128)
at java.base/java.util.ArrayList.forEach(ArrayList.java:1511)
at org.testng.TestRunner.privateRun(TestRunner.java:794)
at org.testng.TestRunner.run(TestRunner.java:596)
at org.testng.SuiteRunner.runTest(SuiteRunner.java:377)
at org.testng.SuiteRunner.runSequentially(SuiteRunner.java:371)
at org.testng.SuiteRunner.privateRun(SuiteRunner.java:332)
at org.testng.SuiteRunner.run(SuiteRunner.java:276)
at org.testng.SuiteRunnerWorker.runSuite(SuiteRunnerWorker.java:53)
at org.testng.SuiteRunnerWorker.run(SuiteRunnerWorker.java:96)
at org.testng.TestNG.runSuitesSequentially(TestNG.java:1212)
at org.testng.TestNG.runSuitesLocally(TestNG.java:1134)
at org.testng.TestNG.runSuites(TestNG.java:1063)
at org.testng.TestNG.run(TestNG.java:1031)
at org.testng.remote.AbstractRemoteTestNG.run(AbstractRemoteTestNG.java:115)
at org.testng.remote.RemoteTestNG.initAndRun(RemoteTestNG.java:251)
at org.testng.remote.RemoteTestNG.main(RemoteTestNG.java:77)
]]>
            </full-stacktrace>
          </exception> <!-- org.openqa.selenium.StaleElementReferenceException -->
          <reporter-output>
          </reporter-output>
        </test-method> <!-- TVShowTest -->
        <test-method is-config="true" signature="Closeup()[pri:0, instance:TestDrive.TVShowPageTest1@3fed2870]" started-at="2023-09-05T17:57:08 IST" name="Closeup" finished-at="2023-09-05T17:57:11 IST" duration-ms="3459" status="PASS">
          <reporter-output>
          </reporter-output>
        </test-method> <!-- Closeup -->
      </class> <!-- TestDrive.TVShowPageTest1 -->
      <class name="TestDrive.SignupTest1">
        <test-method is-config="true" signature="Startup()[pri:0, instance:TestDrive.SignupTest1@39de3d36]" started-at="2023-09-05T17:56:25 IST" name="Startup" finished-at="2023-09-05T17:56:31 IST" duration-ms="5471" status="PASS">
          <reporter-output>
          </reporter-output>
        </test-method> <!-- Startup -->
        <test-method signature="Signup()[pri:0, instance:TestDrive.SignupTest1@39de3d36]" started-at="2023-09-05T17:56:31 IST" name="Signup" finished-at="2023-09-05T17:56:34 IST" duration-ms="3167" status="PASS">
          <reporter-output>
          </reporter-output>
        </test-method> <!-- Signup -->
        <test-method is-config="true" signature="Closeup()[pri:0, instance:TestDrive.SignupTest1@39de3d36]" started-at="2023-09-05T17:56:34 IST" name="Closeup" finished-at="2023-09-05T17:56:38 IST" duration-ms="3446" status="PASS">
          <reporter-output>
          </reporter-output>
        </test-method> <!-- Closeup -->
      </class> <!-- TestDrive.SignupTest1 -->
    </test> <!-- Test -->
  </suite> <!-- Suite -->
</testng-results>
